0 info it worked if it ends with ok
1 verbose cli [ '/Users/iodine131/.nvm/versions/node/v4.4.3/bin/node',
1 verbose cli   '/Users/iodine131/.nvm/versions/node/v4.4.3/bin/npm',
1 verbose cli   'run',
1 verbose cli   'build' ]
2 info using npm@2.15.1
3 info using node@v4.4.3
4 verbose stack Error: ENOENT: no such file or directory, open '/Users/iodine131/Dropbox/code/pierresaux.github.io/package.json'
4 verbose stack     at Error (native)
5 verbose cwd /Users/iodine131/Dropbox/code/pierresaux.github.io
6 error Darwin 15.4.0
7 error argv "/Users/iodine131/.nvm/versions/node/v4.4.3/bin/node" "/Users/iodine131/.nvm/versions/node/v4.4.3/bin/npm" "run" "build"
8 error node v4.4.3
9 error npm  v2.15.1
10 error path /Users/iodine131/Dropbox/code/pierresaux.github.io/package.json
11 error code ENOENT
12 error errno -2
13 error syscall open
14 error enoent ENOENT: no such file or directory, open '/Users/iodine131/Dropbox/code/pierresaux.github.io/package.json'
14 error enoent This is most likely not a problem with npm itself
14 error enoent and is related to npm not being able to find a file.
15 verbose exit [ -2, true ]
